# JRE version: OpenJDK Runtime Environment Temurin-21.0.4+7 (21.0.4+7) (build 21.0.4+7-LTS)
# Java VM: OpenJDK 64-Bit Server VM Temurin-21.0.4+7 (21.0.4+7-LTS, mixed mode, sharing, tiered, compressed oops, compressed class ptrs, g1 gc, linux-amd64)
GC Precious Log:
 CardTable entry size: 512
 Card Set container configuration: InlinePtr #cards 4 size 8 Array Of Cards #cards 16 size 48 Howl #buckets 8 coarsen threshold 3686 Howl Bitmap #cards 512 size 80 coarsen threshold 460 Card regions per heap region 1 cards per card region 4096
 CPUs: 16 total, 16 available
 Memory: 15907M
 Large Page Support: Disabled
 NUMA Support: Disabled
 Compressed Oops: Enabled (Zero based)
 Heap Region Size: 2M
 Heap Min Capacity: 8M
 Heap Initial Capacity: 250M
 Heap Max Capacity: 3978M
 Pre-touch: Disabled
 Parallel Workers: 13
 Concurrent Workers: 3
 Concurrent Refinement Workers: 13
 Periodic GC: Disabled
Heap:
 garbage-first heap   total 204800K, used 171948K [0x0000000707600000, 0x0000000800000000)
  region size 2048K, 19 young (38912K), 1 survivors (2048K)
 Metaspace       used 38442K, committed 38976K, reserved 1114112K
  class space    used 5098K, committed 5312K, reserved 1048576K
GC Heap History (18 events):
Event: 0,753 GC heap before
{Heap before GC invocations=0 (full 0):
 garbage-first heap   total 258048K, used 21534K [0x0000000707600000, 0x0000000800000000)
  region size 2048K, 11 young (22528K), 0 survivors (0K)
 Metaspace       used 4665K, committed 4800K, reserved 1114112K
  class space    used 535K, committed 576K, reserved 1048576K
}
Event: 0,757 GC heap after
{Heap after GC invocations=1 (full 0):
 garbage-first heap   total 258048K, used 3651K [0x0000000707600000, 0x0000000800000000)
  region size 2048K, 2 young (4096K), 2 survivors (4096K)
 Metaspace       used 4665K, committed 4800K, reserved 1114112K
  class space    used 535K, committed 576K, reserved 1048576K
}
Event: 2,874 GC heap before
{Heap before GC invocations=1 (full 0):
 garbage-first heap   total 258048K, used 67139K [0x0000000707600000, 0x0000000800000000)
  region size 2048K, 30 young (61440K), 2 survivors (4096K)
 Metaspace       used 16260K, committed 16640K, reserved 1114112K
  class space    used 2496K, committed 2624K, reserved 1048576K
}
Event: 2,884 GC heap after
{Heap after GC invocations=2 (full 0):
 garbage-first heap   total 258048K, used 17130K [0x0000000707600000, 0x0000000800000000)
  region size 2048K, 4 young (8192K), 4 survivors (8192K)
 Metaspace       used 16260K, committed 16640K, reserved 1114112K
  class space    used 2496K, committed 2624K, reserved 1048576K
}
Event: 16,404 GC heap before
{Heap before GC invocations=2 (full 0):
 garbage-first heap   total 258048K, used 29418K [0x0000000707600000, 0x0000000800000000)
  region size 2048K, 12 young (24576K), 4 survivors (8192K)
 Metaspace       used 21178K, committed 21504K, reserved 1114112K
  class space    used 2926K, committed 3072K, reserved 1048576K
}
Event: 16,412 GC heap after
{Heap after GC invocations=3 (full 0):
 garbage-first heap   total 258048K, used 19713K [0x0000000707600000, 0x0000000800000000)
  region size 2048K, 6 young (12288K), 6 survivors (12288K)
 Metaspace       used 21178K, committed 21504K, reserved 1114112K
  class space    used 2926K, committed 3072K, reserved 1048576K
}
Event: 18,787 GC heap before
{Heap before GC invocations=4 (full 0):
 garbage-first heap   total 75776K, used 70913K [0x0000000707600000, 0x0000000800000000)
  region size 2048K, 23 young (47104K), 6 survivors (12288K)
 Metaspace       used 29432K, committed 29824K, reserved 1114112K
  class space    used 3982K, committed 4160K, reserved 1048576K
}
Event: 18,800 GC heap after
{Heap after GC invocations=5 (full 0):
 garbage-first heap   total 90112K, used 40716K [0x0000000707600000, 0x0000000800000000)
  region size 2048K, 7 young (14336K), 7 survivors (14336K)
 Metaspace       used 29432K, committed 29824K, reserved 1114112K
  class space    used 3982K, committed 4160K, reserved 1048576K
}
Event: 22,122 GC heap before
{Heap before GC invocations=5 (full 0):
 garbage-first heap   total 90112K, used 87820K [0x0000000707600000, 0x0000000800000000)
  region size 2048K, 18 young (36864K), 7 survivors (14336K)
 Metaspace       used 34814K, committed 35200K, reserved 1114112K
  class space    used 4687K, committed 4864K, reserved 1048576K
}
Event: 22,135 GC heap after
{Heap after GC invocations=6 (full 0):
 garbage-first heap   total 108544K, used 63551K [0x0000000707600000, 0x0000000800000000)
  region size 2048K, 3 young (6144K), 3 survivors (6144K)
 Metaspace       used 34814K, committed 35200K, reserved 1114112K
  class space    used 4687K, committed 4864K, reserved 1048576K
}
Event: 22,226 GC heap before
{Heap before GC invocations=6 (full 0):
 garbage-first heap   total 108544K, used 69695K [0x0000000707600000, 0x0000000800000000)
  region size 2048K, 7 young (14336K), 3 survivors (6144K)
 Metaspace       used 35727K, committed 36160K, reserved 1114112K
  class space    used 4873K, committed 5056K, reserved 1048576K
}
Event: 22,231 GC heap after
{Heap after GC invocations=7 (full 0):
 garbage-first heap   total 108544K, used 64862K [0x0000000707600000, 0x0000000800000000)
  region size 2048K, 2 young (4096K), 2 survivors (4096K)
 Metaspace       used 35727K, committed 36160K, reserved 1114112K
  class space    used 4873K, committed 5056K, reserved 1048576K
}
Event: 22,616 GC heap before
{Heap before GC invocations=8 (full 0):
 garbage-first heap   total 110592K, used 95582K [0x0000000707600000, 0x0000000800000000)
  region size 2048K, 17 young (34816K), 2 survivors (4096K)
 Metaspace       used 36865K, committed 37312K, reserved 1114112K
  class space    used 5000K, committed 5184K, reserved 1048576K
}
Event: 22,628 GC heap after
{Heap after GC invocations=9 (full 0):
 garbage-first heap   total 110592K, used 73522K [0x0000000707600000, 0x0000000800000000)
  region size 2048K, 3 young (6144K), 3 survivors (6144K)
 Metaspace       used 36865K, committed 37312K, reserved 1114112K
  class space    used 5000K, committed 5184K, reserved 1048576K
}
Event: 22,915 GC heap before
{Heap before GC invocations=9 (full 0):
 garbage-first heap   total 118784K, used 114482K [0x0000000707600000, 0x0000000800000000)
  region size 2048K, 12 young (24576K), 3 survivors (6144K)
 Metaspace       used 37399K, committed 37888K, reserved 1114112K
  class space    used 5031K, committed 5248K, reserved 1048576K
}
Event: 22,927 GC heap after
{Heap after GC invocations=10 (full 0):
 garbage-first heap   total 133120K, used 104976K [0x0000000707600000, 0x0000000800000000)
  region size 2048K, 2 young (4096K), 2 survivors (4096K)
 Metaspace       used 37399K, committed 37888K, reserved 1114112K
  class space    used 5031K, committed 5248K, reserved 1048576K
}
Event: 22,929 GC heap before
{Heap before GC invocations=10 (full 0):
 garbage-first heap   total 133120K, used 104976K [0x0000000707600000, 0x0000000800000000)
  region size 2048K, 3 young (6144K), 2 survivors (4096K)
 Metaspace       used 37399K, committed 37888K, reserved 1114112K
  class space    used 5031K, committed 5248K, reserved 1048576K
}
Event: 22,935 GC heap after
{Heap after GC invocations=11 (full 0):
 garbage-first heap   total 172032K, used 106412K [0x0000000707600000, 0x0000000800000000)
  region size 2048K, 1 young (2048K), 1 survivors (2048K)
 Metaspace       used 37399K, committed 37888K, reserved 1114112K
  class space    used 5031K, committed 5248K, reserved 1048576K
}

